[debug] [2021-05-26T16:38:12.509Z] ----------------------------------------------------------------------
[debug] [2021-05-26T16:38:12.512Z] Command:       C:\Program Files\nodejs\node.exe C:\Users\yohan\AppData\Roaming\npm\node_modules\firebase-tools\lib\bin\firebase.js init
[debug] [2021-05-26T16:38:12.513Z] CLI Version:   9.11.0
[debug] [2021-05-26T16:38:12.513Z] Platform:      win32
[debug] [2021-05-26T16:38:12.513Z] Node Version:  v16.0.0
[debug] [2021-05-26T16:38:12.515Z] Time:          Wed May 26 2021 12:38:12 GMT-0400 (heure normale de l’Atlantique)
[debug] [2021-05-26T16:38:12.515Z] ----------------------------------------------------------------------
[debug] 
[debug] [2021-05-26T16:38:12.518Z] >>> [apiv2][query] GET https://firebase-public.firebaseio.com/cli.json [none]
[debug] [2021-05-26T16:38:12.536Z] > command requires scopes: ["email","openid","https://www.googleapis.com/auth/cloudplatformprojects.readonly","https://www.googleapis.com/auth/firebase","https://www.googleapis.com/auth/cloud-platform"]
[debug] [2021-05-26T16:38:12.536Z] > authorizing via signed-in user (yohan.elisabeth.p@gmail.com)
[info] 
     ######## #### ########  ######## ########     ###     ######  ########
     ##        ##  ##     ## ##       ##     ##  ##   ##  ##       ##
     ######    ##  ########  ######   ########  #########  ######  ######
     ##        ##  ##    ##  ##       ##     ## ##     ##       ## ##
     ##       #### ##     ## ######## ########  ##     ##  ######  ########

You're about to initialize a Firebase project in this directory:

  C:\Users\yohan\OneDrive\Documents\Titre_Concepteur_Developpeur_Applications\mcuquiz

[debug] [2021-05-26T16:38:12.859Z] <<< [apiv2][status] GET https://firebase-public.firebaseio.com/cli.json 200
[debug] [2021-05-26T16:38:12.859Z] <<< [apiv2][body] GET https://firebase-public.firebaseio.com/cli.json {"cloudBuildErrorAfter":1594252800000,"cloudBuildWarnAfter":1590019200000,"defaultNode10After":1594252800000,"minVersion":"3.0.5","node8DeploysDisabledAfter":1613390400000,"node8RuntimeDisabledAfter":1615809600000,"node8WarnAfter":1600128000000}
